Running on host: gpua034.delta.ncsa.illinois.edu
CUDA Devices: 0,1
Job ID: 5709513
Mon Dec  2 15:02:16 2024       
+-----------------------------------------------------------------------------------------+
| NVIDIA-SMI 550.90.07              Driver Version: 550.90.07      CUDA Version: 12.4     |
|-----------------------------------------+------------------------+----------------------+
| GPU  Name                 Persistence-M | Bus-Id          Disp.A | Volatile Uncorr. ECC |
| Fan  Temp   Perf          Pwr:Usage/Cap |           Memory-Usage | GPU-Util  Compute M. |
|                                         |                        |               MIG M. |
|=========================================+========================+======================|
|   0  NVIDIA A100-SXM4-40GB          On  |   00000000:07:00.0 Off |                    0 |
| N/A   28C    P0             55W /  400W |       1MiB /  40960MiB |      0%      Default |
|                                         |                        |             Disabled |
+-----------------------------------------+------------------------+----------------------+
|   1  NVIDIA A100-SXM4-40GB          On  |   00000000:85:00.0 Off |                    0 |
| N/A   28C    P0             54W /  400W |       1MiB /  40960MiB |      0%      Default |
|                                         |                        |             Disabled |
+-----------------------------------------+------------------------+----------------------+
                                                                                         
+-----------------------------------------------------------------------------------------+
| Processes:                                                                              |
|  GPU   GI   CI        PID   Type   Process name                              GPU Memory |
|        ID   ID                                                               Usage      |
|=========================================================================================|
|  No running processes found                                                             |
+-----------------------------------------------------------------------------------------+
CUDA program compiled successfully.
Loaded checkpoint of size 40131687944 bytes in CPU memory.
Checkpoint transferred to GPU 0 of size 40131687944 bytes.
Begin experiment simulating GPU cache checkpointing from GPU 0 to GPU 1.
GPU-to-GPU transfer took 430.965 ms.
Cleanup complete. Exiting program.
